\BOOKMARK [1][-]{section.1}{Enunciado}{}% 1
\BOOKMARK [2][-]{subsection.1.1}{Aclaraciones}{section.1}% 2
\BOOKMARK [1][-]{section.2}{Procesador}{}% 3
\BOOKMARK [2][-]{subsection.2.1}{Descripci\363n}{section.2}% 4
\BOOKMARK [2][-]{subsection.2.2}{Precio}{section.2}% 5
\BOOKMARK [1][-]{section.3}{Placa Base}{}% 6
\BOOKMARK [2][-]{subsection.3.1}{Descripci\363n}{section.3}% 7
\BOOKMARK [2][-]{subsection.3.2}{Precio}{section.3}% 8
\BOOKMARK [1][-]{section.4}{Memoria RAM}{}% 9
\BOOKMARK [2][-]{subsection.4.1}{Descripci\363n}{section.4}% 10
\BOOKMARK [2][-]{subsection.4.2}{Precio}{section.4}% 11
\BOOKMARK [1][-]{section.5}{Disipador de la CPU}{}% 12
\BOOKMARK [2][-]{subsection.5.1}{Descripci\363n}{section.5}% 13
\BOOKMARK [2][-]{subsection.5.2}{Precio}{section.5}% 14
\BOOKMARK [1][-]{section.6}{Disco Duro}{}% 15
\BOOKMARK [2][-]{subsection.6.1}{Descripci\363n}{section.6}% 16
\BOOKMARK [2][-]{subsection.6.2}{Precio}{section.6}% 17
\BOOKMARK [1][-]{section.7}{Tarjeta Gr\341fica}{}% 18
\BOOKMARK [2][-]{subsection.7.1}{Descripci\363n}{section.7}% 19
\BOOKMARK [2][-]{subsection.7.2}{Precio}{section.7}% 20
